Build started 18.02.2016 15:41:43.
     1>Project "C:\Users\yyavor\documents\visual studio 2013\Projects\stl_tests\stl_tests\stl_tests.vcxproj" on node 2 (Build target(s)).
     1>ClCompile:
         C:\Program Files (x86)\Microsoft Visual Studio 12.0\VC\bin\CL.exe /c /ZI /nologo /W3 /WX- /sdl /Od /Oy- /D WIN32 /D _DEBUG /D _CONSOLE /D _LIB /D _UNICODE /D UNICODE /Gm /EHsc /RTC1 /MDd /GS /fp:precise /Zc:wchar_t /Zc:forScope /Yu"stdafx.h" /Fp"Debug\stl_tests.pch" /Fo"Debug\\" /Fd"Debug\vc120.pdb" /Gd /TP /analyze- /errorReport:prompt constexpr.cpp
         constexpr.cpp
     1>c:\users\yyavor\documents\visual studio 2013\projects\stl_tests\stl_tests\constexpr.cpp(4): error C2144: syntax error : 'int' should be preceded by ';'
     1>c:\users\yyavor\documents\visual studio 2013\projects\stl_tests\stl_tests\constexpr.cpp(4): error C4430: missing type specifier - int assumed. Note: C++ does not support default-int
     1>c:\users\yyavor\documents\visual studio 2013\projects\stl_tests\stl_tests\constexpr.cpp(7): error C2057: expected constant expression
     1>c:\users\yyavor\documents\visual studio 2013\projects\stl_tests\stl_tests\constexpr.cpp(7): error C2466: cannot allocate an array of constant size 0
     1>c:\users\yyavor\documents\visual studio 2013\projects\stl_tests\stl_tests\constexpr.cpp(7): error C2133: 'arr' : unknown size
     1>Done Building Project "C:\Users\yyavor\documents\visual studio 2013\Projects\stl_tests\stl_tests\stl_tests.vcxproj" (Build target(s)) -- FAILED.

Build FAILED.

Time Elapsed 00:00:00.18
